#
# There is insufficient memory for the Java Runtime Environment to continue.
# Native memory allocation (malloc) failed to allocate 32744 bytes for ChunkPool::allocate
# Possible reasons:
#   The system is out of physical RAM or swap space
#   The process is running with CompressedOops enabled, and the Java Heap may be blocking the growth of the native heap
# Possible solutions:
#   Reduce memory load on the system
#   Increase physical memory or swap space
#   Check if swap backing store is full
#   Decrease Java heap size (-Xmx/-Xms)
#   Decrease number of Java threads
#   Decrease Java thread stack sizes (-Xss)
#   Set larger code cache with -XX:ReservedCodeCacheSize=
#   JVM is running with Unscaled Compressed Oops mode in which the Java heap is
#     placed in the first 4GB address space. The Java Heap base address is the
#     maximum limit for the native heap growth. Please use -XX:HeapBaseMinAddress
#     to set the Java Heap base and to place the Java Heap above 4GB virtual address.
# This output file may be truncated or incomplete.
#
#  Out of Memory Error (allocation.cpp:272), pid=266828, tid=0x0000000000042ab4
#
# JRE version: Java(TM) SE Runtime Environment (8.0_221-b11) (build 1.8.0_221-b11)
# Java VM: Java HotSpot(TM) 64-Bit Server VM (25.221-b11 mixed mode windows-amd64 compressed oops)
# Failed to write core dump. Minidumps are not enabled by default on client versions of Windows
#

---------------  T H R E A D  ---------------

Current thread (0x000000001904f800):  JavaThread "C1 CompilerThread2" daemon [_thread_in_native, id=273076, stack(0x00000000197f0000,0x00000000198f0000)]

Stack: [0x00000000197f0000,0x00000000198f0000]
[error occurred during error reporting (printing stack bounds), id 0xc0000005]

Native frames: (J=compiled Java code, j=interpreted, Vv=VM code, C=native code)


Current CompileTask:
C1:  25877 2245 % !   3       Client::run @ 81 (588 bytes)


---------------  P R O C E S S  ---------------

Java Threads: ( => current thread )
  0x000000001939f800 JavaThread "Thread-4" [_thread_in_vm, id=344836, stack(0x0000000029fa0000,0x000000002a0a0000)]
  0x0000000019ea2000 JavaThread "Prism Font Disposer" daemon [_thread_blocked, id=295996, stack(0x0000000026150000,0x0000000026250000)]
  0x0000000019d85000 JavaThread "JavaFX-Launcher" [_thread_blocked, id=288652, stack(0x0000000023590000,0x0000000023690000)]
  0x0000000019da0800 JavaThread "Thread-2" daemon [_thread_in_native, id=288512, stack(0x0000000023390000,0x0000000023490000)]
  0x0000000019d55800 JavaThread "JavaFX Application Thread" [_thread_in_native, id=280312, stack(0x000000001aa70000,0x000000001ab70000)]
  0x0000000019d0b000 JavaThread "Thread-1" daemon [_thread_blocked, id=280308, stack(0x000000001a970000,0x000000001aa70000)]
  0x00000000193ea000 JavaThread "QuantumRenderer-0" daemon [_thread_blocked, id=275684, stack(0x000000001a4e0000,0x000000001a5e0000)]
  0x0000000019054000 JavaThread "Service Thread" daemon [_thread_blocked, id=273428, stack(0x00000000198f0000,0x00000000199f0000)]
=>0x000000001904f800 JavaThread "C1 CompilerThread2" daemon [_thread_in_native, id=273076, stack(0x00000000197f0000,0x00000000198f0000)]
  0x000000001904b000 JavaThread "C2 CompilerThread1" daemon [_thread_blocked, id=272960, stack(0x00000000196f0000,0x00000000197f0000)]
  0x0000000017cfb800 JavaThread "C2 CompilerThread0" daemon [_thread_blocked, id=272200, stack(0x00000000195f0000,0x00000000196f0000)]
  0x0000000017cfa000 JavaThread "Attach Listener" daemon [_thread_blocked, id=272196, stack(0x00000000194f0000,0x00000000195f0000)]
  0x0000000017cb0000 JavaThread "Signal Dispatcher" daemon [_thread_blocked, id=272192, stack(0x00000000193f0000,0x00000000194f0000)]
  0x00000000030ca800 JavaThread "Finalizer" daemon [_thread_blocked, id=268564, stack(0x0000000018ef0000,0x0000000018ff0000)]
  0x00000000030c2000 JavaThread "Reference Handler" daemon [_thread_blocked, id=161344, stack(0x0000000018df0000,0x0000000018ef0000)]
  0x0000000002fd2800 JavaThread "main" [_thread_blocked, id=267012, stack(0x0000000002ed0000,0x0000000002fd0000)]

Other Threads:
  0x0000000017c67800 VMThread [stack: 0x0000000018cf0000,0x0000000018df0000] [id=267360]
  0x000000001906d800 WatcherThread [stack: 0x00000000199f0000,0x0000000019af0000] [id=273432]

VM state:not at safepoint (normal execution)

VM Mutex/Monitor currently owned by a thread: None

heap address: 0x0000000080800000, size: 2040 MB, Compressed Oops mode: 32-bit
Narrow klass base: 0x0000000000000000, Narrow klass shift: 3
Compressed class space size: 1073741824 Address: 0x0000000100000000

Heap:
 PSYoungGen      total 129024K, used 70783K [0x00000000d5800000, 0x00000000de380000, 0x0000000100000000)
  eden space 123392K, 57% used [0x00000000d5800000,0x00000000d9d0ffb0,0x00000000dd080000)
  from space 5632K, 1% used [0x00000000dde00000,0x00000000dde10000,0x00000000de380000)
  to   space 9728K, 0% used [0x00000000dd080000,0x00000000dd080000,0x00000000dda00000)
 ParOldGen       total 87552K, used 8843K [0x0000000080800000, 0x0000000085d80000, 0x00000000d5800000)
  object space 87552K, 10% used [0x0000000080800000,0x00000000810a2f08,0x0000000085d80000)
 Metaspace       used 16101K, capacity 17040K, committed 17280K, reserved 1064960K
  class space    used 2361K, capacity 2580K, committed 2688K, reserved 1048576K

Card table byte_map: [0x0000000012490000,0x0000000012890000] byte_map_base: 0x000000001208c000

Marking Bits: (ParMarkBitMap*) 0x0000000062a65ce0
 Begin Bits: [0x0000000012f40000, 0x0000000014f20000)
 End Bits:   [0x0000000014f20000, 0x0000000016f00000)

Polling page: 0x0000000000e50000

CodeCache: size=245760Kb used=7282Kb max_used=7294Kb free=238477Kb
 bounds [0x00000000030d0000, 0x0000000003800000, 0x00000000120d0000]
 total_blobs=2893 nmethods=2244 adapters=561
 compilation: enabled

Compilation events (10 events):
Event: 24.828 Thread 0x000000001904b000 nmethod 2240% 0x00000000037e45d0 code [0x00000000037e4700, 0x00000000037e4798]
Event: 24.913 Thread 0x000000001904f800 2241 % !   3       Client::run @ 81 (588 bytes)
Event: 24.915 Thread 0x000000001904f800 nmethod 2241% 0x00000000037e4890 code [0x00000000037e4f00, 0x00000000037e90a8]
Event: 25.305 Thread 0x0000000017cfb800 2242 % !   4       Client::run @ 81 (588 bytes)
Event: 25.305 Thread 0x0000000017cfb800 nmethod 2242% 0x00000000037ebb10 code [0x00000000037ebc40, 0x00000000037ebcd8]
Event: 25.394 Thread 0x000000001904f800 2243 % !   3       Client::run @ 81 (588 bytes)
Event: 25.395 Thread 0x000000001904f800 nmethod 2243% 0x00000000037ebdd0 code [0x00000000037ec440, 0x00000000037f05e8]
Event: 25.772 Thread 0x000000001904b000 2244 % !   4       Client::run @ 81 (588 bytes)
Event: 25.773 Thread 0x000000001904b000 nmethod 2244% 0x00000000037f3050 code [0x00000000037f3180, 0x00000000037f3218]
Event: 25.858 Thread 0x000000001904f800 2245 % !   3       Client::run @ 81 (588 bytes)

GC Heap History (10 events):
Event: 11.964 GC heap before
{Heap before GC invocations=4 (full 0):
 PSYoungGen      total 38400K, used 38379K [0x00000000d5800000, 0x00000000da300000, 0x0000000100000000)
  eden space 33280K, 100% used [0x00000000d5800000,0x00000000d7880000,0x00000000d7880000)
  from space 5120K, 99% used [0x00000000d7880000,0x00000000d7d7acb8,0x00000000d7d80000)
  to   space 5120K, 0% used [0x00000000d9e00000,0x00000000d9e00000,0x00000000da300000)
 ParOldGen       total 87552K, used 3748K [0x0000000080800000, 0x0000000085d80000, 0x00000000d5800000)
  object space 87552K, 4% used [0x0000000080800000,0x0000000080ba9338,0x0000000085d80000)
 Metaspace       used 16091K, capacity 17040K, committed 17280K, reserved 1064960K
  class space    used 2361K, capacity 2580K, committed 2688K, reserved 1048576K
Event: 11.973 GC heap after
Heap after GC invocations=4 (full 0):
 PSYoungGen      total 71680K, used 5099K [0x00000000d5800000, 0x00000000da300000, 0x0000000100000000)
  eden space 66560K, 0% used [0x00000000d5800000,0x00000000d5800000,0x00000000d9900000)
  from space 5120K, 99% used [0x00000000d9e00000,0x00000000da2facb8,0x00000000da300000)
  to   space 5120K, 0% used [0x00000000d9900000,0x00000000d9900000,0x00000000d9e00000)
 ParOldGen       total 87552K, used 3772K [0x0000000080800000, 0x0000000085d80000, 0x00000000d5800000)
  object space 87552K, 4% used [0x0000000080800000,0x0000000080baf338,0x0000000085d80000)
 Metaspace       used 16091K, capacity 17040K, committed 17280K, reserved 1064960K
  class space    used 2361K, capacity 2580K, committed 2688K, reserved 1048576K
}
Event: 15.250 GC heap before
{Heap before GC invocations=5 (full 0):
 PSYoungGen      total 71680K, used 71659K [0x00000000d5800000, 0x00000000da300000, 0x0000000100000000)
  eden space 66560K, 100% used [0x00000000d5800000,0x00000000d9900000,0x00000000d9900000)
  from space 5120K, 99% used [0x00000000d9e00000,0x00000000da2facb8,0x00000000da300000)
  to   space 5120K, 0% used [0x00000000d9900000,0x00000000d9900000,0x00000000d9e00000)
 ParOldGen       total 87552K, used 3772K [0x0000000080800000, 0x0000000085d80000, 0x00000000d5800000)
  object space 87552K, 4% used [0x0000000080800000,0x0000000080baf338,0x0000000085d80000)
 Metaspace       used 16092K, capacity 17040K, committed 17280K, reserved 1064960K
  class space    used 2361K, capacity 2580K, committed 2688K, reserved 1048576K
Event: 15.257 GC heap after
Heap after GC invocations=5 (full 0):
 PSYoungGen      total 71680K, used 5096K [0x00000000d5800000, 0x00000000deb00000, 0x0000000100000000)
  eden space 66560K, 0% used [0x00000000d5800000,0x00000000d5800000,0x00000000d9900000)
  from space 5120K, 99% used [0x00000000d9900000,0x00000000d9dfa248,0x00000000d9e00000)
  to   space 8704K, 0% used [0x00000000de280000,0x00000000de280000,0x00000000deb00000)
 ParOldGen       total 87552K, used 3772K [0x0000000080800000, 0x0000000085d80000, 0x00000000d5800000)
  object space 87552K, 4% used [0x0000000080800000,0x0000000080baf338,0x0000000085d80000)
 Metaspace       used 16092K, capacity 17040K, committed 17280K, reserved 1064960K
  class space    used 2361K, capacity 2580K, committed 2688K, reserved 1048576K
}
Event: 16.698 GC heap before
{Heap before GC invocations=6 (full 0):
 PSYoungGen      total 71680K, used 71656K [0x00000000d5800000, 0x00000000deb00000, 0x0000000100000000)
  eden space 66560K, 100% used [0x00000000d5800000,0x00000000d9900000,0x00000000d9900000)
  from space 5120K, 99% used [0x00000000d9900000,0x00000000d9dfa248,0x00000000d9e00000)
  to   space 8704K, 0% used [0x00000000de280000,0x00000000de280000,0x00000000deb00000)
 ParOldGen       total 87552K, used 3772K [0x0000000080800000, 0x0000000085d80000, 0x00000000d5800000)
  object space 87552K, 4% used [0x0000000080800000,0x0000000080baf338,0x0000000085d80000)
 Metaspace       used 16092K, capacity 17040K, committed 17280K, reserved 1064960K
  class space    used 2361K, capacity 2580K, committed 2688K, reserved 1048576K
Event: 16.702 GC heap after
Heap after GC invocations=6 (full 0):
 PSYoungGen      total 141824K, used 5131K [0x00000000d5800000, 0x00000000deb00000, 0x0000000100000000)
  eden space 133120K, 0% used [0x00000000d5800000,0x00000000d5800000,0x00000000dda00000)
  from space 8704K, 58% used [0x00000000de280000,0x00000000de782cb8,0x00000000deb00000)
  to   space 8704K, 0% used [0x00000000dda00000,0x00000000dda00000,0x00000000de280000)
 ParOldGen       total 87552K, used 3780K [0x0000000080800000, 0x0000000085d80000, 0x00000000d5800000)
  object space 87552K, 4% used [0x0000000080800000,0x0000000080bb1338,0x0000000085d80000)
 Metaspace       used 16092K, capacity 17040K, committed 17280K, reserved 1064960K
  class space    used 2361K, capacity 2580K, committed 2688K, reserved 1048576K
}
Event: 21.941 GC heap before
{Heap before GC invocations=7 (full 0):
 PSYoungGen      total 141824K, used 138251K [0x00000000d5800000, 0x00000000deb00000, 0x0000000100000000)
  eden space 133120K, 100% used [0x00000000d5800000,0x00000000dda00000,0x00000000dda00000)
  from space 8704K, 58% used [0x00000000de280000,0x00000000de782cb8,0x00000000deb00000)
  to   space 8704K, 0% used [0x00000000dda00000,0x00000000dda00000,0x00000000de280000)
 ParOldGen       total 87552K, used 3780K [0x0000000080800000, 0x0000000085d80000, 0x00000000d5800000)
  object space 87552K, 4% used [0x0000000080800000,0x0000000080bb1338,0x0000000085d80000)
 Metaspace       used 16101K, capacity 17040K, committed 17280K, reserved 1064960K
  class space    used 2361K, capacity 2580K, committed 2688K, reserved 1048576K
Event: 21.946 GC heap after
Heap after GC invocations=7 (full 0):
 PSYoungGen      total 128512K, used 96K [0x00000000d5800000, 0x00000000de700000, 0x0000000100000000)
  eden space 128000K, 0% used [0x00000000d5800000,0x00000000d5800000,0x00000000dd500000)
  from space 512K, 18% used [0x00000000dda00000,0x00000000dda18000,0x00000000dda80000)
  to   space 9216K, 0% used [0x00000000dde00000,0x00000000dde00000,0x00000000de700000)
 ParOldGen       total 87552K, used 8835K [0x0000000080800000, 0x0000000085d80000, 0x00000000d5800000)
  object space 87552K, 10% used [0x0000000080800000,0x00000000810a0f08,0x0000000085d80000)
 Metaspace       used 16101K, capacity 17040K, committed 17280K, reserved 1064960K
  class space    used 2361K, capacity 2580K, committed 2688K, reserved 1048576K
}
Event: 24.776 GC heap before
{Heap before GC invocations=8 (full 0):
 PSYoungGen      total 128512K, used 128096K [0x00000000d5800000, 0x00000000de700000, 0x0000000100000000)
  eden space 128000K, 100% used [0x00000000d5800000,0x00000000dd500000,0x00000000dd500000)
  from space 512K, 18% used [0x00000000dda00000,0x00000000dda18000,0x00000000dda80000)
  to   space 9216K, 0% used [0x00000000dde00000,0x00000000dde00000,0x00000000de700000)
 ParOldGen       total 87552K, used 8835K [0x0000000080800000, 0x0000000085d80000, 0x00000000d5800000)
  object space 87552K, 10% used [0x0000000080800000,0x00000000810a0f08,0x0000000085d80000)
 Metaspace       used 16101K, capacity 17040K, committed 17280K, reserved 1064960K
  class space    used 2361K, capacity 2580K, committed 2688K, reserved 1048576K
Event: 24.777 GC heap after
Heap after GC invocations=8 (full 0):
 PSYoungGen      total 129024K, used 64K [0x00000000d5800000, 0x00000000de380000, 0x0000000100000000)
  eden space 123392K, 0% used [0x00000000d5800000,0x00000000d5800000,0x00000000dd080000)
  from space 5632K, 1% used [0x00000000dde00000,0x00000000dde10000,0x00000000de380000)
  to   space 9728K, 0% used [0x00000000dd080000,0x00000000dd080000,0x00000000dda00000)
 ParOldGen       total 87552K, used 8843K [0x0000000080800000, 0x0000000085d80000, 0x00000000d5800000)
  object space 87552K, 10% used [0x0000000080800000,0x00000000810a2f08,0x0000000085d80000)
 Metaspace       used 16101K, capacity 17040K, committed 17280K, reserved 1064960K
  class space    used 2361K, capacity 2580K, committed 2688K, reserved 1048576K
}

Deoptimization events (10 events):
Event: 20.735 Thread 0x000000001939f800 Uncommon trap: reason=uninitialized action=reinterpret pc=0x00000000037b1294 method=Client.run()V @ 86
Event: 21.192 Thread 0x000000001939f800 Uncommon trap: reason=uninitialized action=reinterpret pc=0x00000000037b87d4 method=Client.run()V @ 86
Event: 21.839 Thread 0x000000001939f800 Uncommon trap: reason=uninitialized action=reinterpret pc=0x00000000037bfd14 method=Client.run()V @ 86
Event: 22.301 Thread 0x000000001939f800 Uncommon trap: reason=uninitialized action=reinterpret pc=0x00000000037c7254 method=Client.run()V @ 86
Event: 22.870 Thread 0x000000001939f800 Uncommon trap: reason=uninitialized action=reinterpret pc=0x00000000037ce794 method=Client.run()V @ 86
Event: 23.501 Thread 0x000000001939f800 Uncommon trap: reason=uninitialized action=reinterpret pc=0x00000000037d5cd4 method=Client.run()V @ 86
Event: 24.318 Thread 0x000000001939f800 Uncommon trap: reason=uninitialized action=reinterpret pc=0x00000000037dd214 method=Client.run()V @ 86
Event: 24.908 Thread 0x000000001939f800 Uncommon trap: reason=uninitialized action=reinterpret pc=0x00000000037e4754 method=Client.run()V @ 86
Event: 25.389 Thread 0x000000001939f800 Uncommon trap: reason=uninitialized action=reinterpret pc=0x00000000037ebc94 method=Client.run()V @ 86
Event: 25.853 Thread 0x000000001939f800 Uncommon trap: reason=uninitialized action=reinterpret pc=0x00000000037f31d4 method=Client.run()V @ 86

Classes redefined (0 events):
No events

Internal exceptions (10 events):
Event: 25.860 Thread 0x000000001939f800 Exception <a 'java/lang/NullPointerException'> (0x00000000d991c300) thrown at [C:\re\workspace\8-2-build-windows-amd64-cygwin\jdk8u221\13320\hotspot\src\share\vm\interpreter\linkResolver.cpp, line 1185]
Event: 25.860 Thread 0x000000001939f800 Exception <a 'java/lang/NullPointerException'> (0x00000000d991c508) thrown at [C:\re\workspace\8-2-build-windows-amd64-cygwin\jdk8u221\13320\hotspot\src\share\vm\interpreter\linkResolver.cpp, line 1185]
Event: 25.860 Thread 0x000000001939f800 Exception <a 'java/lang/NullPointerException'> (0x00000000d991c710) thrown at [C:\re\workspace\8-2-build-windows-amd64-cygwin\jdk8u221\13320\hotspot\src\share\vm\interpreter\linkResolver.cpp, line 1185]
Event: 25.860 Thread 0x000000001939f800 Exception <a 'java/lang/NullPointerException'> (0x00000000d991c918) thrown at [C:\re\workspace\8-2-build-windows-amd64-cygwin\jdk8u221\13320\hotspot\src\share\vm\interpreter\linkResolver.cpp, line 1185]
Event: 25.860 Thread 0x000000001939f800 Exception <a 'java/lang/NullPointerException'> (0x00000000d991cb20) thrown at [C:\re\workspace\8-2-build-windows-amd64-cygwin\jdk8u221\13320\hotspot\src\share\vm\interpreter\linkResolver.cpp, line 1185]
Event: 25.860 Thread 0x000000001939f800 Exception <a 'java/lang/NullPointerException'> (0x00000000d991cd28) thrown at [C:\re\workspace\8-2-build-windows-amd64-cygwin\jdk8u221\13320\hotspot\src\share\vm\interpreter\linkResolver.cpp, line 1185]
Event: 25.860 Thread 0x000000001939f800 Exception <a 'java/lang/NullPointerException'> (0x00000000d991cf30) thrown at [C:\re\workspace\8-2-build-windows-amd64-cygwin\jdk8u221\13320\hotspot\src\share\vm\interpreter\linkResolver.cpp, line 1185]
Event: 25.860 Thread 0x000000001939f800 Exception <a 'java/lang/NullPointerException'> (0x00000000d991d138) thrown at [C:\re\workspace\8-2-build-windows-amd64-cygwin\jdk8u221\13320\hotspot\src\share\vm\interpreter\linkResolver.cpp, line 1185]
Event: 25.860 Thread 0x000000001939f800 Exception <a 'java/lang/NullPointerException'> (0x00000000d991d340) thrown at [C:\re\workspace\8-2-build-windows-amd64-cygwin\jdk8u221\13320\hotspot\src\share\vm\interpreter\linkResolver.cpp, line 1185]
Event: 25.860 Thread 0x000000001939f800 Exception <a 'java/lang/NullPointerException'> (0x00000000d991d548) thrown at [C:\re\workspace\8-2-build-windows-amd64-cygwin\jdk8u221\13320\hotspot\src\share\vm\interpreter\linkResolver.cpp, line 1185]

Events (10 events):
Event: 25.384 Thread 0x000000001939f800 DEOPT PACKING pc=0x00000000037e8aa5 sp=0x000000002a09f0d0
Event: 25.384 Thread 0x000000001939f800 DEOPT UNPACKING pc=0x0000000003117890 sp=0x000000002a09eee0 mode 0
Event: 25.389 Thread 0x000000001939f800 Uncommon trap: trap_request=0xffffffb5 fr.pc=0x00000000037ebc94
Event: 25.389 Thread 0x000000001939f800 DEOPT PACKING pc=0x00000000037ebc94 sp=0x000000002a09f1b0
Event: 25.389 Thread 0x000000001939f800 DEOPT UNPACKING pc=0x000000000311583b sp=0x000000002a09f160 mode 2
Event: 25.846 Thread 0x000000001939f800 DEOPT PACKING pc=0x00000000037effe5 sp=0x000000002a09f0d0
Event: 25.846 Thread 0x000000001939f800 DEOPT UNPACKING pc=0x0000000003117890 sp=0x000000002a09eee0 mode 0
Event: 25.853 Thread 0x000000001939f800 Uncommon trap: trap_request=0xffffffb5 fr.pc=0x00000000037f31d4
Event: 25.853 Thread 0x000000001939f800 DEOPT PACKING pc=0x00000000037f31d4 sp=0x000000002a09f1b0
Event: 25.853 Thread 0x000000001939f800 DEOPT UNPACKING pc=0x000000000311583b sp=0x000000002a09f160 mode 2


Dynamic libraries:
0x00007ff65ccf0000 - 0x00007ff65cd27000 	C:\Program Files\Java\jdk1.8.0_221\bin\javaw.exe
0x00007ffac76e0000 - 0x00007ffac78d0000 	C:\WINDOWS\SYSTEM32\ntdll.dll
0x00007ffac66b0000 - 0x00007ffac6762000 	C:\WINDOWS\System32\KERNEL32.DLL
0x00007ffac4a00000 - 0x00007ffac4ca3000 	C:\WINDOWS\System32\KERNELBASE.dll
0x00007ffac73a0000 - 0x00007ffac7443000 	C:\WINDOWS\System32\ADVAPI32.dll
0x00007ffac7450000 - 0x00007ffac74ee000 	C:\WINDOWS\System32\msvcrt.dll
0x00007ffac6f10000 - 0x00007ffac6fa7000 	C:\WINDOWS\System32\sechost.dll
0x00007ffac7110000 - 0x00007ffac7230000 	C:\WINDOWS\System32\RPCRT4.dll
0x00007ffac6770000 - 0x00007ffac6904000 	C:\WINDOWS\System32\USER32.dll
0x00007ffac4ee0000 - 0x00007ffac4f01000 	C:\WINDOWS\System32\win32u.dll
0x00007ffac65b0000 - 0x00007ffac65d6000 	C:\WINDOWS\System32\GDI32.dll
0x00007ffac47a0000 - 0x00007ffac4934000 	C:\WINDOWS\System32\gdi32full.dll
0x00007ffac4960000 - 0x00007ffac49fe000 	C:\WINDOWS\System32\msvcp_win.dll
0x00007ffac5690000 - 0x00007ffac578a000 	C:\WINDOWS\System32\ucrtbase.dll
0x00007ffab71d0000 - 0x00007ffab7455000 	C:\WINDOWS\WinSxS\amd64_microsoft.windows.common-controls_6595b64144ccf1df_6.0.18362.476_none_e6c4b11b130f2595\COMCTL32.dll
0x00007ffac57f0000 - 0x00007ffac5b26000 	C:\WINDOWS\System32\combase.dll
0x00007ffac4e00000 - 0x00007ffac4e80000 	C:\WINDOWS\System32\bcryptPrimitives.dll
0x00007ffac6a70000 - 0x00007ffac6a9e000 	C:\WINDOWS\System32\IMM32.DLL
0x0000000062af0000 - 0x0000000062bc2000 	C:\Program Files\Java\jdk1.8.0_221\jre\bin\msvcr100.dll
0x0000000062240000 - 0x0000000062ae5000 	C:\Program Files\Java\jdk1.8.0_221\jre\bin\server\jvm.dll
0x00007ffac7230000 - 0x00007ffac7238000 	C:\WINDOWS\System32\PSAPI.DLL
0x00007ffac2710000 - 0x00007ffac2719000 	C:\WINDOWS\SYSTEM32\WSOCK32.dll
0x00007ffac7330000 - 0x00007ffac739f000 	C:\WINDOWS\System32\WS2_32.dll
0x00007ffac2530000 - 0x00007ffac2554000 	C:\WINDOWS\SYSTEM32\WINMM.dll
0x00007ffabd8a0000 - 0x00007ffabd8aa000 	C:\WINDOWS\SYSTEM32\VERSION.dll
0x00007ffac2410000 - 0x00007ffac243d000 	C:\WINDOWS\SYSTEM32\WINMMBASE.dll
0x00007ffac4670000 - 0x00007ffac46ba000 	C:\WINDOWS\System32\cfgmgr32.dll
0x00007ffac10b0000 - 0x00007ffac10bf000 	C:\Program Files\Java\jdk1.8.0_221\jre\bin\verify.dll
0x00007ffab7f60000 - 0x00007ffab7f89000 	C:\Program Files\Java\jdk1.8.0_221\jre\bin\java.dll
0x00007ffab8010000 - 0x00007ffab8026000 	C:\Program Files\Java\jdk1.8.0_221\jre\bin\zip.dll
0x00007ffac5d40000 - 0x00007ffac6425000 	C:\WINDOWS\System32\SHELL32.dll
0x00007ffac6450000 - 0x00007ffac64f9000 	C:\WINDOWS\System32\shcore.dll
0x00007ffac4f10000 - 0x00007ffac568e000 	C:\WINDOWS\System32\windows.storage.dll
0x00007ffac45e0000 - 0x00007ffac45ff000 	C:\WINDOWS\System32\profapi.dll
0x00007ffac4600000 - 0x00007ffac464a000 	C:\WINDOWS\System32\powrprof.dll
0x00007ffac45b0000 - 0x00007ffac45c0000 	C:\WINDOWS\System32\UMPDC.dll
0x00007ffac5c60000 - 0x00007ffac5cb2000 	C:\WINDOWS\System32\shlwapi.dll
0x00007ffac4650000 - 0x00007ffac4661000 	C:\WINDOWS\System32\kernel.appcore.dll
0x00007ffac4940000 - 0x00007ffac4957000 	C:\WINDOWS\System32\cryptsp.dll
0x0000000002a80000 - 0x0000000002a83000 	C:\Program Files\Java\jdk1.8.0_221\jre\bin\api-ms-win-core-console-l1-1-0.dll
0x0000000002a90000 - 0x0000000002a93000 	C:\Program Files\Java\jdk1.8.0_221\jre\bin\api-ms-win-core-datetime-l1-1-0.dll
0x0000000002aa0000 - 0x0000000002aa3000 	C:\Program Files\Java\jdk1.8.0_221\jre\bin\api-ms-win-core-debug-l1-1-0.dll
0x0000000002ab0000 - 0x0000000002ab3000 	C:\Program Files\Java\jdk1.8.0_221\jre\bin\api-ms-win-core-errorhandling-l1-1-0.dll
0x0000000002b30000 - 0x0000000002b34000 	C:\Program Files\Java\jdk1.8.0_221\jre\bin\api-ms-win-core-file-l1-1-0.dll
0x0000000002b40000 - 0x0000000002b43000 	C:\Program Files\Java\jdk1.8.0_221\jre\bin\api-ms-win-core-file-l1-2-0.dll
0x0000000002b50000 - 0x0000000002b53000 	C:\Program Files\Java\jdk1.8.0_221\jre\bin\api-ms-win-core-file-l2-1-0.dll
0x0000000002b60000 - 0x0000000002b63000 	C:\Program Files\Java\jdk1.8.0_221\jre\bin\api-ms-win-core-handle-l1-1-0.dll
0x0000000002b70000 - 0x0000000002b73000 	C:\Program Files\Java\jdk1.8.0_221\jre\bin\api-ms-win-core-heap-l1-1-0.dll
0x0000000019af0000 - 0x0000000019af3000 	C:\Program Files\Java\jdk1.8.0_221\jre\bin\api-ms-win-core-interlocked-l1-1-0.dll
0x0000000019b00000 - 0x0000000019b03000 	C:\Program Files\Java\jdk1.8.0_221\jre\bin\api-ms-win-core-libraryloader-l1-1-0.dll
0x0000000019b10000 - 0x0000000019b13000 	C:\Program Files\Java\jdk1.8.0_221\jre\bin\api-ms-win-core-localization-l1-2-0.dll
0x0000000019b20000 - 0x0000000019b23000 	C:\Program Files\Java\jdk1.8.0_221\jre\bin\api-ms-win-core-memory-l1-1-0.dll
0x0000000019b30000 - 0x0000000019b33000 	C:\Program Files\Java\jdk1.8.0_221\jre\bin\api-ms-win-core-namedpipe-l1-1-0.dll
0x0000000019b40000 - 0x0000000019b43000 	C:\Program Files\Java\jdk1.8.0_221\jre\bin\api-ms-win-core-processenvironment-l1-1-0.dll
0x0000000019b50000 - 0x0000000019b53000 	C:\Program Files\Java\jdk1.8.0_221\jre\bin\api-ms-win-core-processthreads-l1-1-0.dll
0x0000000019b60000 - 0x0000000019b63000 	C:\Program Files\Java\jdk1.8.0_221\jre\bin\api-ms-win-core-processthreads-l1-1-1.dll
0x0000000019b70000 - 0x0000000019b73000 	C:\Program Files\Java\jdk1.8.0_221\jre\bin\api-ms-win-core-profile-l1-1-0.dll
0x0000000019b80000 - 0x0000000019b83000 	C:\Program Files\Java\jdk1.8.0_221\jre\bin\api-ms-win-core-rtlsupport-l1-1-0.dll
0x0000000019b90000 - 0x0000000019b93000 	C:\Program Files\Java\jdk1.8.0_221\jre\bin\api-ms-win-core-string-l1-1-0.dll
0x0000000019ba0000 - 0x0000000019ba3000 	C:\Program Files\Java\jdk1.8.0_221\jre\bin\api-ms-win-core-synch-l1-1-0.dll
0x0000000019bb0000 - 0x0000000019bb3000 	C:\Program Files\Java\jdk1.8.0_221\jre\bin\api-ms-win-core-synch-l1-2-0.dll
0x0000000019bc0000 - 0x0000000019bc3000 	C:\Program Files\Java\jdk1.8.0_221\jre\bin\api-ms-win-core-sysinfo-l1-1-0.dll
0x0000000019bd0000 - 0x0000000019bd3000 	C:\Program Files\Java\jdk1.8.0_221\jre\bin\api-ms-win-core-timezone-l1-1-0.dll
0x0000000019be0000 - 0x0000000019be3000 	C:\Program Files\Java\jdk1.8.0_221\jre\bin\api-ms-win-core-util-l1-1-0.dll
0x0000000019bf0000 - 0x0000000019bf3000 	C:\Program Files\Java\jdk1.8.0_221\jre\bin\api-ms-win-crt-conio-l1-1-0.dll
0x0000000019c00000 - 0x0000000019c04000 	C:\Program Files\Java\jdk1.8.0_221\jre\bin\api-ms-win-crt-convert-l1-1-0.dll
0x0000000019c10000 - 0x0000000019c13000 	C:\Program Files\Java\jdk1.8.0_221\jre\bin\api-ms-win-crt-environment-l1-1-0.dll
0x0000000019c20000 - 0x0000000019c23000 	C:\Program Files\Java\jdk1.8.0_221\jre\bin\api-ms-win-crt-filesystem-l1-1-0.dll
0x0000000019c30000 - 0x0000000019c33000 	C:\Program Files\Java\jdk1.8.0_221\jre\bin\api-ms-win-crt-heap-l1-1-0.dll
0x0000000019c40000 - 0x0000000019c43000 	C:\Program Files\Java\jdk1.8.0_221\jre\bin\api-ms-win-crt-locale-l1-1-0.dll
0x0000000019c50000 - 0x0000000019c55000 	C:\Program Files\Java\jdk1.8.0_221\jre\bin\api-ms-win-crt-math-l1-1-0.dll
0x0000000019c60000 - 0x0000000019c65000 	C:\Program Files\Java\jdk1.8.0_221\jre\bin\api-ms-win-crt-multibyte-l1-1-0.dll
0x0000000019c70000 - 0x0000000019c80000 	C:\Program Files\Java\jdk1.8.0_221\jre\bin\api-ms-win-crt-private-l1-1-0.dll
0x0000000019c80000 - 0x0000000019c83000 	C:\Program Files\Java\jdk1.8.0_221\jre\bin\api-ms-win-crt-process-l1-1-0.dll
0x0000000019c90000 - 0x0000000019c94000 	C:\Program Files\Java\jdk1.8.0_221\jre\bin\api-ms-win-crt-runtime-l1-1-0.dll
0x0000000019ca0000 - 0x0000000019ca4000 	C:\Program Files\Java\jdk1.8.0_221\jre\bin\api-ms-win-crt-stdio-l1-1-0.dll
0x0000000019cb0000 - 0x0000000019cb4000 	C:\Program Files\Java\jdk1.8.0_221\jre\bin\api-ms-win-crt-string-l1-1-0.dll
0x0000000019cc0000 - 0x0000000019cc3000 	C:\Program Files\Java\jdk1.8.0_221\jre\bin\api-ms-win-crt-time-l1-1-0.dll
0x0000000019cd0000 - 0x0000000019cd3000 	C:\Program Files\Java\jdk1.8.0_221\jre\bin\api-ms-win-crt-utility-l1-1-0.dll
0x00007ffaafce0000 - 0x00007ffaafdd6000 	C:\Program Files\Java\jdk1.8.0_221\jre\bin\ucrtbase.dll
0x00007ffab7db0000 - 0x00007ffab7dc6000 	C:\Program Files\Java\jdk1.8.0_221\jre\bin\vcruntime140.dll
0x00007ffab5520000 - 0x00007ffab55ca000 	C:\Program Files\Java\jdk1.8.0_221\jre\bin\msvcp140.dll
0x00007ffab5c20000 - 0x00007ffab5c74000 	C:\Program Files\Java\jdk1.8.0_221\jre\bin\concrt140.dll
0x00007ffab5bf0000 - 0x00007ffab5c13000 	C:\Program Files\Java\jdk1.8.0_221\jre\bin\prism_d3d.dll
0x00007ffab8ef0000 - 0x00007ffab90b7000 	C:\WINDOWS\system32\d3d9.dll
0x00007ffac2d50000 - 0x00007ffac2d7d000 	C:\WINDOWS\SYSTEM32\dwmapi.dll
0x00007ffac3470000 - 0x00007ffac3490000 	C:\WINDOWS\SYSTEM32\dxcore.dll
0x00007ffac2930000 - 0x00007ffac29c9000 	C:\WINDOWS\system32\uxtheme.dll
0x00007ffabd8b0000 - 0x00007ffabd99e000 	C:\WINDOWS\System32\DriverStore\FileRepository\nv_dispi.inf_amd64_db678424d2641c3d\nvldumdx.dll
0x00007ffac4cb0000 - 0x00007ffac4df9000 	C:\WINDOWS\System32\crypt32.dll
0x00007ffac45c0000 - 0x00007ffac45d2000 	C:\WINDOWS\System32\MSASN1.dll
0x00007ffac4e80000 - 0x00007ffac4edc000 	C:\WINDOWS\System32\WINTRUST.DLL
0x00007ffac70f0000 - 0x00007ffac710d000 	C:\WINDOWS\System32\imagehlp.dll
0x00007ffac3990000 - 0x00007ffac39c3000 	C:\WINDOWS\system32\rsaenh.dll
0x00007ffac4770000 - 0x00007ffac4796000 	C:\WINDOWS\System32\bcrypt.dll
0x00007ffac3ff0000 - 0x00007ffac3ffc000 	C:\WINDOWS\SYSTEM32\CRYPTBASE.dll
0x00007ffa9cf60000 - 0x00007ffa9e3fb000 	C:\WINDOWS\System32\DriverStore\FileRepository\nv_dispi.inf_amd64_db678424d2641c3d\nvd3dumx.dll
0x00007ffab3af0000 - 0x00007ffab3b39000 	C:\Program Files\Java\jdk1.8.0_221\jre\bin\glass.dll
0x00007ffac65e0000 - 0x00007ffac66b0000 	C:\WINDOWS\System32\COMDLG32.dll
0x00007ffac6910000 - 0x00007ffac6a66000 	C:\WINDOWS\System32\ole32.dll
0x00007ffac5b90000 - 0x00007ffac5c54000 	C:\WINDOWS\System32\OLEAUT32.dll
0x00007ffac6fb0000 - 0x00007ffac70e6000 	C:\WINDOWS\System32\MSCTF.dll
0x00007ffaa4a90000 - 0x00007ffaa4c4d000 	C:\WINDOWS\system32\nvspcap64.dll
0x00007ffac3720000 - 0x00007ffac3751000 	C:\WINDOWS\SYSTEM32\ntmarta.dll
0x00007ffac31d0000 - 0x00007ffac31f2000 	C:\WINDOWS\SYSTEM32\gpapi.dll
0x00007ffab5070000 - 0x00007ffab509f000 	C:\WINDOWS\SYSTEM32\cryptnet.dll
0x00007ffab6fa0000 - 0x00007ffab6fb4000 	C:\Program Files\Java\jdk1.8.0_221\jre\bin\javafx_font.dll
0x00007ffaaa750000 - 0x00007ffaaaa4e000 	C:\WINDOWS\SYSTEM32\dwrite.dll
0x00007ffac6500000 - 0x00007ffac65a2000 	C:\WINDOWS\System32\clbcatq.dll
0x00007ffabf190000 - 0x00007ffabf33f000 	C:\WINDOWS\SYSTEM32\WindowsCodecs.dll
0x00007ffab37b0000 - 0x00007ffab37ea000 	C:\WINDOWS\system32\dataexchange.dll
0x00007ffac1800000 - 0x00007ffac1a5b000 	C:\WINDOWS\system32\d3d11.dll
0x00007ffac1ec0000 - 0x00007ffac209b000 	C:\WINDOWS\system32\dcomp.dll
0x00007ffac3290000 - 0x00007ffac337b000 	C:\WINDOWS\system32\dxgi.dll
0x00007ffac2a00000 - 0x00007ffac2c5a000 	C:\WINDOWS\system32\twinapi.appcore.dll
0x00007ffac2e60000 - 0x00007ffac2e89000 	C:\WINDOWS\system32\RMCLIENT.dll
0x00007ffab54e0000 - 0x00007ffab5513000 	C:\Program Files\Common Files\Microsoft Shared\Ink\rtscom.dll
0x00007ffac1240000 - 0x00007ffac1800000 	C:\WINDOWS\SYSTEM32\d2d1.dll
0x00007ffa875c0000 - 0x00007ffa87d01000 	C:\WINDOWS\SYSTEM32\D3D10Warp.dll
0x00007ffab6f70000 - 0x00007ffab6f81000 	C:\Program Files\Java\jdk1.8.0_221\jre\bin\prism_common.dll
0x00007ffab6780000 - 0x00007ffab681e000 	C:\WINDOWS\System32\TextInputFramework.dll
0x00007ffabf4c0000 - 0x00007ffabf7ea000 	C:\WINDOWS\System32\CoreUIComponents.dll
0x00007ffac2450000 - 0x00007ffac2524000 	C:\WINDOWS\System32\CoreMessaging.dll
0x00007ffac0630000 - 0x00007ffac0783000 	C:\WINDOWS\SYSTEM32\wintypes.dll
0x00007ffab83b0000 - 0x00007ffab8656000 	C:\WINDOWS\System32\iertutil.dll
0x00007ffab5670000 - 0x00007ffab568a000 	C:\Program Files\Java\jdk1.8.0_221\jre\bin\net.dll
0x00007ffab7bc0000 - 0x00007ffab7d96000 	C:\WINDOWS\SYSTEM32\urlmon.dll
0x00007ffac3e20000 - 0x00007ffac3e87000 	C:\WINDOWS\system32\mswsock.dll

VM Arguments:
jvm_args: -Dfile.encoding=UTF-8 
java_command: ClientGUI
java_class_path (initial): C:\Users\b3630\Desktop\CS342-Proj4\P4Client\target\classes;C:\Users\b3630\.m2\repository\org\openjfx\javafx-controls\12.0.1\javafx-controls-12.0.1.jar;C:\Users\b3630\.m2\repository\org\openjfx\javafx-controls\12.0.1\javafx-controls-12.0.1-win.jar;C:\Users\b3630\.m2\repository\org\openjfx\javafx-graphics\12.0.1\javafx-graphics-12.0.1.jar;C:\Users\b3630\.m2\repository\org\openjfx\javafx-graphics\12.0.1\javafx-graphics-12.0.1-win.jar;C:\Users\b3630\.m2\repository\org\openjfx\javafx-base\12.0.1\javafx-base-12.0.1.jar;C:\Users\b3630\.m2\repository\org\openjfx\javafx-base\12.0.1\javafx-base-12.0.1-win.jar
Launcher Type: SUN_STANDARD

Environment Variables:
JAVA_HOME=C:\Program Files\Java\jdk1.8.0_221
PATH=C:/Program Files/Java/jre1.8.0_221/bin/server;C:/Program Files/Java/jre1.8.0_221/bin;C:/Program Files/Java/jre1.8.0_221/lib/amd64;C:\Program Files (x86)\Common Files\Oracle\Java\javapath;C:\Program Files (x86)\Common Files\Intel\Shared Libraries\redist\intel64\compiler;C:\Windows\system32;C:\Windows;C:\Windows\System32\Wbem;C:\Windows\System32\WindowsPowerShell\v1.0\;C:\Program Files (x86)\NVIDIA Corporation\PhysX\Common;C:\WINDOWS\system32;C:\WINDOWS;C:\WINDOWS\System32\Wbem;C:\WINDOWS\System32\WindowsPowerShell\v1.0\;C:\Program Files\dotnet\;C:\WINDOWS\System32\OpenSSH\;C:\Program Files (x86)\Bitvise SSH Client;C:\Program Files\apache-maven-3.6.1\bin;C:\Users\b3630\AppData\Local\Microsoft\WindowsApps;C:\Users\b3630\AppData\Local\Programs\Microsoft VS Code\bin;C:\Program Files\apache-maven-3.6.1\bin;C:\Users\b3630\AppData\Local\GitHubDesktop\bin;C:\Users\b3630\Desktop;
USERNAME=b3630
OS=Windows_NT
PROCESSOR_IDENTIFIER=Intel64 Family 6 Model 158 Stepping 9, GenuineIntel



---------------  S Y S T E M  ---------------

OS: Windows 10.0 , 64 bit Build 18362 (10.0.18362.329)

CPU:total 4 (initial active 4) (4 cores per cpu, 1 threads per core) family 6 model 158 stepping 9, cmov, cx8, fxsr, mmx, sse, sse2, sse3, ssse3, sse4.1, sse4.2, popcnt, avx, avx2, aes, clmul, erms, rtm, 3dnowpref, lzcnt, tsc, tscinvbit, bmi1, bmi2, adx

Memory: 4k page, physical 8352212k(363704k free), swap 23604896k(37160k free)

vm_info: Java HotSpot(TM) 64-Bit Server VM (25.221-b11) for windows-amd64 JRE (1.8.0_221-b11), built on Jul  4 2019 04:39:29 by "java_re" with MS VC++ 10.0 (VS2010)

time: Sun Nov 24 16:13:26 2019
timezone: 中部标准时间
elapsed time: 25 seconds (0d 0h 0m 25s)

